<?xml version="1.0" encoding="UTF-8"?>
<testsuite xmlns:xsi="http://www.w3.org/2001/XMLSchema-instance" xsi:noNamespaceSchemaLocation="https://maven.apache.org/surefire/maven-surefire-plugin/xsd/surefire-test-report-3.0.xsd" version="3.0" name="org.planningPoker.GreetingResourceTest" time="66.152" tests="1" errors="0" skipped="0" failures="0">
  <properties>
    <property name="java.specification.version" value="17"/>
    <property name="sun.cpu.isalist" value="amd64"/>
    <property name="test.url" value="http://localhost:8081"/>
    <property name="sun.jnu.encoding" value="Cp1252"/>
    <property name="io.quarkus.security.http.test-if-basic-auth-implicitly-required" value="true"/>
    <property name="java.class.path" value="C:\Users\david\repos\github\PlanningPoker-Backend\target\test-classes;C:\Users\david\repos\github\PlanningPoker-Backend\target\classes;C:\Users\david\.m2\repository\io\quarkus\quarkus-smallrye-openapi\3.10.0\quarkus-smallrye-openapi-3.10.0.jar;C:\Users\david\.m2\repository\io\smallrye\smallrye-open-api-core\3.10.0\smallrye-open-api-core-3.10.0.jar;C:\Users\david\.m2\repository\org\eclipse\microprofile\openapi\microprofile-openapi-api\3.1.1\microprofile-openapi-api-3.1.1.jar;C:\Users\david\.m2\repository\org\eclipse\microprofile\config\microprofile-config-api\3.0.3\microprofile-config-api-3.0.3.jar;C:\Users\david\.m2\repository\com\fasterxml\jackson\core\jackson-core\2.17.0\jackson-core-2.17.0.jar;C:\Users\david\.m2\repository\com\fasterxml\jackson\dataformat\jackson-dataformat-yaml\2.17.0\jackson-dataformat-yaml-2.17.0.jar;C:\Users\david\.m2\repository\org\yaml\snakeyaml\2.2\snakeyaml-2.2.jar;C:\Users\david\.m2\repository\io\smallrye\jandex\3.1.7\jandex-3.1.7.jar;C:\Users\david\.m2\repository\org\jboss\logging\jboss-logging\3.5.3.Final\jboss-logging-3.5.3.Final.jar;C:\Users\david\.m2\repository\io\quarkus\quarkus-core\3.10.0\quarkus-core-3.10.0.jar;C:\Users\david\.m2\repository\jakarta\inject\jakarta.inject-api\2.0.1\jakarta.inject-api-2.0.1.jar;C:\Users\david\.m2\repository\io\smallrye\common\smallrye-common-os\2.3.0\smallrye-common-os-2.3.0.jar;C:\Users\david\.m2\repository\io\quarkus\quarkus-ide-launcher\3.10.0\quarkus-ide-launcher-3.10.0.jar;C:\Users\david\.m2\repository\io\quarkus\quarkus-development-mode-spi\3.10.0\quarkus-development-mode-spi-3.10.0.jar;C:\Users\david\.m2\repository\io\smallrye\config\smallrye-config\3.7.1\smallrye-config-3.7.1.jar;C:\Users\david\.m2\repository\io\smallrye\config\smallrye-config-core\3.7.1\smallrye-config-core-3.7.1.jar;C:\Users\david\.m2\repository\io\smallrye\common\smallrye-common-classloader\2.3.0\smallrye-common-classloader-2.3.0.jar;C:\Users\david\.m2\repository\io\smallrye\config\smallrye-config-common\3.7.1\smallrye-config-common-3.7.1.jar;C:\Users\david\.m2\repository\org\jboss\logmanager\jboss-logmanager\3.0.4.Final\jboss-logmanager-3.0.4.Final.jar;C:\Users\david\.m2\repository\io\smallrye\common\smallrye-common-constraint\2.3.0\smallrye-common-constraint-2.3.0.jar;C:\Users\david\.m2\repository\io\smallrye\common\smallrye-common-cpu\2.3.0\smallrye-common-cpu-2.3.0.jar;C:\Users\david\.m2\repository\io\smallrye\common\smallrye-common-expression\2.3.0\smallrye-common-expression-2.3.0.jar;C:\Users\david\.m2\repository\io\smallrye\common\smallrye-common-function\2.3.0\smallrye-common-function-2.3.0.jar;C:\Users\david\.m2\repository\io\smallrye\common\smallrye-common-net\2.3.0\smallrye-common-net-2.3.0.jar;C:\Users\david\.m2\repository\io\smallrye\common\smallrye-common-ref\2.3.0\smallrye-common-ref-2.3.0.jar;C:\Users\david\.m2\repository\org\jboss\logging\jboss-logging-annotations\2.2.1.Final\jboss-logging-annotations-2.2.1.Final.jar;C:\Users\david\.m2\repository\org\jboss\threads\jboss-threads\3.6.1.Final\jboss-threads-3.6.1.Final.jar;C:\Users\david\.m2\repository\org\jboss\slf4j\slf4j-jboss-logmanager\2.0.0.Final\slf4j-jboss-logmanager-2.0.0.Final.jar;C:\Users\david\.m2\repository\org\wildfly\common\wildfly-common\1.7.0.Final\wildfly-common-1.7.0.Final.jar;C:\Users\david\.m2\repository\io\quarkus\quarkus-bootstrap-runner\3.10.0\quarkus-bootstrap-runner-3.10.0.jar;C:\Users\david\.m2\repository\io\quarkus\quarkus-fs-util\0.0.10\quarkus-fs-util-0.0.10.jar;C:\Users\david\.m2\repository\io\quarkus\quarkus-vertx-http\3.10.0\quarkus-vertx-http-3.10.0.jar;C:\Users\david\.m2\repository\io\quarkus\quarkus-credentials\3.10.0\quarkus-credentials-3.10.0.jar;C:\Users\david\.m2\repository\io\smallrye\common\smallrye-common-vertx-context\2.3.0\smallrye-common-vertx-context-2.3.0.jar;C:\Users\david\.m2\repository\io\vertx\vertx-core\4.5.7\vertx-core-4.5.7.jar;C:\Users\david\.m2\repository\io\netty\netty-common\4.1.108.Final\netty-common-4.1.108.Final.jar;C:\Users\david\.m2\repository\io\netty\netty-handler-proxy\4.1.108.Final\netty-handler-proxy-4.1.108.Final.jar;C:\Users\david\.m2\repository\io\netty\netty-codec-socks\4.1.108.Final\netty-codec-socks-4.1.108.Final.jar;C:\Users\david\.m2\repository\io\netty\netty-resolver\4.1.108.Final\netty-resolver-4.1.108.Final.jar;C:\Users\david\.m2\repository\io\netty\netty-resolver-dns\4.1.108.Final\netty-resolver-dns-4.1.108.Final.jar;C:\Users\david\.m2\repository\io\netty\netty-codec-dns\4.1.108.Final\netty-codec-dns-4.1.108.Final.jar;C:\Users\david\.m2\repository\io\smallrye\reactive\smallrye-mutiny-vertx-web\3.12.0\smallrye-mutiny-vertx-web-3.12.0.jar;C:\Users\david\.m2\repository\io\smallrye\reactive\smallrye-mutiny-vertx-web-common\3.12.0\smallrye-mutiny-vertx-web-common-3.12.0.jar;C:\Users\david\.m2\repository\io\smallrye\reactive\smallrye-mutiny-vertx-auth-common\3.12.0\smallrye-mutiny-vertx-auth-common-3.12.0.jar;C:\Users\david\.m2\repository\io\smallrye\reactive\smallrye-mutiny-vertx-bridge-common\3.12.0\smallrye-mutiny-vertx-bridge-common-3.12.0.jar;C:\Users\david\.m2\repository\io\smallrye\reactive\smallrye-mutiny-vertx-uri-template\3.12.0\smallrye-mutiny-vertx-uri-template-3.12.0.jar;C:\Users\david\.m2\repository\io\vertx\vertx-uri-template\4.5.7\vertx-uri-template-4.5.7.jar;C:\Users\david\.m2\repository\io\vertx\vertx-web\4.5.7\vertx-web-4.5.7.jar;C:\Users\david\.m2\repository\io\vertx\vertx-web-common\4.5.7\vertx-web-common-4.5.7.jar;C:\Users\david\.m2\repository\io\vertx\vertx-auth-common\4.5.7\vertx-auth-common-4.5.7.jar;C:\Users\david\.m2\repository\io\vertx\vertx-bridge-common\4.5.7\vertx-bridge-common-4.5.7.jar;C:\Users\david\.m2\repository\io\github\crac\org-crac\0.1.3\org-crac-0.1.3.jar;C:\Users\david\.m2\repository\io\quarkus\quarkus-swagger-ui\3.10.0\quarkus-swagger-ui-3.10.0.jar;C:\Users\david\.m2\repository\io\quarkus\quarkus-resteasy\3.10.0\quarkus-resteasy-3.10.0.jar;C:\Users\david\.m2\repository\io\quarkus\quarkus-resteasy-server-common\3.10.0\quarkus-resteasy-server-common-3.10.0.jar;C:\Users\david\.m2\repository\io\quarkus\quarkus-resteasy-common\3.10.0\quarkus-resteasy-common-3.10.0.jar;C:\Users\david\.m2\repository\org\jboss\resteasy\resteasy-core\6.2.7.Final\resteasy-core-6.2.7.Final.jar;C:\Users\david\.m2\repository\jakarta\xml\bind\jakarta.xml.bind-api\4.0.2\jakarta.xml.bind-api-4.0.2.jar;C:\Users\david\.m2\repository\com\ibm\async\asyncutil\0.1.0\asyncutil-0.1.0.jar;C:\Users\david\.m2\repository\org\eclipse\angus\angus-activation\2.0.2\angus-activation-2.0.2.jar;C:\Users\david\.m2\repository\jakarta\activation\jakarta.activation-api\2.1.3\jakarta.activation-api-2.1.3.jar;C:\Users\david\.m2\repository\jakarta\ws\rs\jakarta.ws.rs-api\3.1.0\jakarta.ws.rs-api-3.1.0.jar;C:\Users\david\.m2\repository\org\jboss\resteasy\microprofile\microprofile-config\2.1.5.Final\microprofile-config-2.1.5.Final.jar;C:\Users\david\.m2\repository\jakarta\servlet\jakarta.servlet-api\6.0.0\jakarta.servlet-api-6.0.0.jar;C:\Users\david\.m2\repository\org\jboss\resteasy\resteasy-cdi\6.2.7.Final\resteasy-cdi-6.2.7.Final.jar;C:\Users\david\.m2\repository\org\jboss\resteasy\resteasy-core-spi\6.2.7.Final\resteasy-core-spi-6.2.7.Final.jar;C:\Users\david\.m2\repository\jakarta\validation\jakarta.validation-api\3.0.2\jakarta.validation-api-3.0.2.jar;C:\Users\david\.m2\repository\io\quarkus\quarkus-arc\3.10.0\quarkus-arc-3.10.0.jar;C:\Users\david\.m2\repository\io\quarkus\arc\arc\3.10.0\arc-3.10.0.jar;C:\Users\david\.m2\repository\jakarta\transaction\jakarta.transaction-api\2.0.1\jakarta.transaction-api-2.0.1.jar;C:\Users\david\.m2\repository\io\smallrye\reactive\mutiny\2.6.0\mutiny-2.6.0.jar;C:\Users\david\.m2\repository\org\jctools\jctools-core\4.0.3\jctools-core-4.0.3.jar;C:\Users\david\.m2\repository\org\eclipse\microprofile\context-propagation\microprofile-context-propagation-api\1.3\microprofile-context-propagation-api-1.3.jar;C:\Users\david\.m2\repository\io\quarkus\quarkus-junit5\3.10.0\quarkus-junit5-3.10.0.jar;C:\Users\david\.m2\repository\io\quarkus\quarkus-bootstrap-core\3.10.0\quarkus-bootstrap-core-3.10.0.jar;C:\Users\david\.m2\repository\io\quarkus\quarkus-bootstrap-app-model\3.10.0\quarkus-bootstrap-app-model-3.10.0.jar;C:\Users\david\.m2\repository\io\smallrye\common\smallrye-common-io\2.3.0\smallrye-common-io-2.3.0.jar;C:\Users\david\.m2\repository\org\eclipse\sisu\org.eclipse.sisu.inject\0.9.0.M2\org.eclipse.sisu.inject-0.9.0.M2.jar;C:\Users\david\.m2\repository\io\quarkus\quarkus-test-common\3.10.0\quarkus-test-common-3.10.0.jar;C:\Users\david\.m2\repository\io\quarkus\quarkus-core-deployment\3.10.0\quarkus-core-deployment-3.10.0.jar;C:\Users\david\.m2\repository\org\aesh\readline\2.4\readline-2.4.jar;C:\Users\david\.m2\repository\org\fusesource\jansi\jansi\2.4.0\jansi-2.4.0.jar;C:\Users\david\.m2\repository\org\aesh\aesh\2.7\aesh-2.7.jar;C:\Users\david\.m2\repository\io\quarkus\gizmo\gizmo\1.8.0\gizmo-1.8.0.jar;C:\Users\david\.m2\repository\org\ow2\asm\asm-util\9.7\asm-util-9.7.jar;C:\Users\david\.m2\repository\org\ow2\asm\asm-analysis\9.7\asm-analysis-9.7.jar;C:\Users\david\.m2\repository\org\ow2\asm\asm\9.7\asm-9.7.jar;C:\Users\david\.m2\repository\org\ow2\asm\asm-commons\9.7\asm-commons-9.7.jar;C:\Users\david\.m2\repository\org\ow2\asm\asm-tree\9.7\asm-tree-9.7.jar;C:\Users\david\.m2\repository\io\quarkus\quarkus-class-change-agent\3.10.0\quarkus-class-change-agent-3.10.0.jar;C:\Users\david\.m2\repository\io\quarkus\quarkus-devtools-utilities\3.10.0\quarkus-devtools-utilities-3.10.0.jar;C:\Users\david\.m2\repository\io\quarkus\quarkus-builder\3.10.0\quarkus-builder-3.10.0.jar;C:\Users\david\.m2\repository\org\graalvm\sdk\nativeimage\23.1.2\nativeimage-23.1.2.jar;C:\Users\david\.m2\repository\org\graalvm\sdk\word\23.1.2\word-23.1.2.jar;C:\Users\david\.m2\repository\org\junit\platform\junit-platform-launcher\1.10.2\junit-platform-launcher-1.10.2.jar;C:\Users\david\.m2\repository\io\quarkus\quarkus-bootstrap-maven-resolver\3.10.0\quarkus-bootstrap-maven-resolver-3.10.0.jar;C:\Users\david\.m2\repository\io\smallrye\beanbag\smallrye-beanbag-maven\1.4.1\smallrye-beanbag-maven-1.4.1.jar;C:\Users\david\.m2\repository\io\smallrye\beanbag\smallrye-beanbag-sisu\1.4.1\smallrye-beanbag-sisu-1.4.1.jar;C:\Users\david\.m2\repository\io\smallrye\beanbag\smallrye-beanbag\1.4.1\smallrye-beanbag-1.4.1.jar;C:\Users\david\.m2\repository\javax\inject\javax.inject\1\javax.inject-1.jar;C:\Users\david\.m2\repository\org\apache\maven\maven-artifact\3.9.6\maven-artifact-3.9.6.jar;C:\Users\david\.m2\repository\org\apache\maven\maven-builder-support\3.9.6\maven-builder-support-3.9.6.jar;C:\Users\david\.m2\repository\org\apache\maven\maven-model\3.9.6\maven-model-3.9.6.jar;C:\Users\david\.m2\repository\org\apache\maven\maven-model-builder\3.9.6\maven-model-builder-3.9.6.jar;C:\Users\david\.m2\repository\org\apache\maven\maven-repository-metadata\3.9.6\maven-repository-metadata-3.9.6.jar;C:\Users\david\.m2\repository\org\apache\maven\maven-settings\3.9.6\maven-settings-3.9.6.jar;C:\Users\david\.m2\repository\org\apache\maven\resolver\maven-resolver-api\1.9.18\maven-resolver-api-1.9.18.jar;C:\Users\david\.m2\repository\org\apache\maven\resolver\maven-resolver-impl\1.9.18\maven-resolver-impl-1.9.18.jar;C:\Users\david\.m2\repository\org\apache\maven\resolver\maven-resolver-named-locks\1.9.18\maven-resolver-named-locks-1.9.18.jar;C:\Users\david\.m2\repository\org\apache\maven\resolver\maven-resolver-spi\1.9.18\maven-resolver-spi-1.9.18.jar;C:\Users\david\.m2\repository\org\apache\maven\resolver\maven-resolver-util\1.9.18\maven-resolver-util-1.9.18.jar;C:\Users\david\.m2\repository\org\apache\maven\resolver\maven-resolver-transport-http\1.9.18\maven-resolver-transport-http-1.9.18.jar;C:\Users\david\.m2\repository\org\apache\maven\wagon\wagon-provider-api\3.5.3\wagon-provider-api-3.5.3.jar;C:\Users\david\.m2\repository\org\apache\maven\wagon\wagon-http-shared\3.5.3\wagon-http-shared-3.5.3.jar;C:\Users\david\.m2\repository\org\codehaus\plexus\plexus-interpolation\1.26\plexus-interpolation-1.26.jar;C:\Users\david\.m2\repository\org\codehaus\plexus\plexus-utils\3.5.1\plexus-utils-3.5.1.jar;C:\Users\david\.m2\repository\org\codehaus\plexus\plexus-xml\4.0.0\plexus-xml-4.0.0.jar;C:\Users\david\.m2\repository\org\apache\maven\maven-xml-impl\4.0.0-alpha-5\maven-xml-impl-4.0.0-alpha-5.jar;C:\Users\david\.m2\repository\org\apache\maven\maven-api-xml\4.0.0-alpha-5\maven-api-xml-4.0.0-alpha-5.jar;C:\Users\david\.m2\repository\org\apache\maven\maven-api-meta\4.0.0-alpha-5\maven-api-meta-4.0.0-alpha-5.jar;C:\Users\david\.m2\repository\org\codehaus\plexus\plexus-cipher\2.0\plexus-cipher-2.0.jar;C:\Users\david\.m2\repository\org\codehaus\plexus\plexus-sec-dispatcher\2.0\plexus-sec-dispatcher-2.0.jar;C:\Users\david\.m2\repository\org\apache\maven\maven-embedder\3.9.6\maven-embedder-3.9.6.jar;C:\Users\david\.m2\repository\org\apache\maven\maven-core\3.9.6\maven-core-3.9.6.jar;C:\Users\david\.m2\repository\org\codehaus\plexus\plexus-component-annotations\2.1.0\plexus-component-annotations-2.1.0.jar;C:\Users\david\.m2\repository\org\apache\maven\maven-plugin-api\3.9.6\maven-plugin-api-3.9.6.jar;C:\Users\david\.m2\repository\org\apache\maven\shared\maven-shared-utils\3.3.4\maven-shared-utils-3.3.4.jar;C:\Users\david\.m2\repository\com\google\inject\guice\5.1.0\guice-5.1.0.jar;C:\Users\david\.m2\repository\aopalliance\aopalliance\1.0\aopalliance-1.0.jar;C:\Users\david\.m2\repository\com\google\guava\guava\33.1.0-jre\guava-33.1.0-jre.jar;C:\Users\david\.m2\repository\com\google\guava\failureaccess\1.0.1\failureaccess-1.0.1.jar;C:\Users\david\.m2\repository\javax\annotation\javax.annotation-api\1.3.2\javax.annotation-api-1.3.2.jar;C:\Users\david\.m2\repository\org\codehaus\plexus\plexus-classworlds\2.6.0\plexus-classworlds-2.6.0.jar;C:\Users\david\.m2\repository\commons-cli\commons-cli\1.5.0\commons-cli-1.5.0.jar;C:\Users\david\.m2\repository\org\eclipse\sisu\org.eclipse.sisu.plexus\0.9.0.M2\org.eclipse.sisu.plexus-0.9.0.M2.jar;C:\Users\david\.m2\repository\org\apache\maven\maven-settings-builder\3.9.6\maven-settings-builder-3.9.6.jar;C:\Users\david\.m2\repository\org\apache\maven\maven-resolver-provider\3.9.6\maven-resolver-provider-3.9.6.jar;C:\Users\david\.m2\repository\org\apache\maven\resolver\maven-resolver-connector-basic\1.9.18\maven-resolver-connector-basic-1.9.18.jar;C:\Users\david\.m2\repository\org\apache\maven\resolver\maven-resolver-transport-wagon\1.9.18\maven-resolver-transport-wagon-1.9.18.jar;C:\Users\david\.m2\repository\org\apache\maven\wagon\wagon-http\3.5.3\wagon-http-3.5.3.jar;C:\Users\david\.m2\repository\org\apache\maven\wagon\wagon-file\3.5.3\wagon-file-3.5.3.jar;C:\Users\david\.m2\repository\io\quarkus\quarkus-bootstrap-gradle-resolver\3.10.0\quarkus-bootstrap-gradle-resolver-3.10.0.jar;C:\Users\david\.m2\repository\org\jboss\logging\commons-logging-jboss-logging\1.0.0.Final\commons-logging-jboss-logging-1.0.0.Final.jar;C:\Users\david\.m2\repository\io\quarkus\quarkus-junit5-properties\3.10.0\quarkus-junit5-properties-3.10.0.jar;C:\Users\david\.m2\repository\org\junit\jupiter\junit-jupiter\5.10.2\junit-jupiter-5.10.2.jar;C:\Users\david\.m2\repository\org\junit\jupiter\junit-jupiter-api\5.10.2\junit-jupiter-api-5.10.2.jar;C:\Users\david\.m2\repository\org\opentest4j\opentest4j\1.3.0\opentest4j-1.3.0.jar;C:\Users\david\.m2\repository\org\junit\platform\junit-platform-commons\1.10.2\junit-platform-commons-1.10.2.jar;C:\Users\david\.m2\repository\org\apiguardian\apiguardian-api\1.1.2\apiguardian-api-1.1.2.jar;C:\Users\david\.m2\repository\org\junit\jupiter\junit-jupiter-params\5.10.2\junit-jupiter-params-5.10.2.jar;C:\Users\david\.m2\repository\org\junit\jupiter\junit-jupiter-engine\5.10.2\junit-jupiter-engine-5.10.2.jar;C:\Users\david\.m2\repository\org\junit\platform\junit-platform-engine\1.10.2\junit-platform-engine-1.10.2.jar;C:\Users\david\.m2\repository\com\thoughtworks\xstream\xstream\1.4.20\xstream-1.4.20.jar;C:\Users\david\.m2\repository\io\github\x-stream\mxparser\1.2.2\mxparser-1.2.2.jar;C:\Users\david\.m2\repository\xmlpull\xmlpull\1.1.3.1\xmlpull-1.1.3.1.jar;C:\Users\david\.m2\repository\io\rest-assured\rest-assured\5.4.0\rest-assured-5.4.0.jar;C:\Users\david\.m2\repository\org\apache\groovy\groovy\4.0.16\groovy-4.0.16.jar;C:\Users\david\.m2\repository\org\apache\groovy\groovy-xml\4.0.16\groovy-xml-4.0.16.jar;C:\Users\david\.m2\repository\org\apache\httpcomponents\httpclient\4.5.14\httpclient-4.5.14.jar;C:\Users\david\.m2\repository\org\apache\httpcomponents\httpcore\4.4.16\httpcore-4.4.16.jar;C:\Users\david\.m2\repository\commons-codec\commons-codec\1.16.1\commons-codec-1.16.1.jar;C:\Users\david\.m2\repository\org\apache\httpcomponents\httpmime\4.5.14\httpmime-4.5.14.jar;C:\Users\david\.m2\repository\org\hamcrest\hamcrest\2.2\hamcrest-2.2.jar;C:\Users\david\.m2\repository\org\ccil\cowan\tagsoup\tagsoup\1.2.1\tagsoup-1.2.1.jar;C:\Users\david\.m2\repository\io\rest-assured\json-path\5.4.0\json-path-5.4.0.jar;C:\Users\david\.m2\repository\org\apache\groovy\groovy-json\4.0.16\groovy-json-4.0.16.jar;C:\Users\david\.m2\repository\io\rest-assured\rest-assured-common\5.4.0\rest-assured-common-5.4.0.jar;C:\Users\david\.m2\repository\io\rest-assured\xml-path\5.4.0\xml-path-5.4.0.jar;C:\Users\david\.m2\repository\org\apache\commons\commons-lang3\3.14.0\commons-lang3-3.14.0.jar;C:\Users\david\.m2\repository\io\jsonwebtoken\jjwt-jackson\0.12.5\jjwt-jackson-0.12.5.jar;C:\Users\david\.m2\repository\com\fasterxml\jackson\core\jackson-databind\2.17.0\jackson-databind-2.17.0.jar;C:\Users\david\.m2\repository\com\fasterxml\jackson\core\jackson-annotations\2.17.0\jackson-annotations-2.17.0.jar;C:\Users\david\.m2\repository\net\bytebuddy\byte-buddy\1.14.11\byte-buddy-1.14.11.jar;C:\Users\david\.m2\repository\io\jsonwebtoken\jjwt-impl\0.12.5\jjwt-impl-0.12.5.jar;C:\Users\david\.m2\repository\io\jsonwebtoken\jjwt-api\0.12.5\jjwt-api-0.12.5.jar;C:\Users\david\.m2\repository\org\mongodb\mongo-java-driver\3.12.14\mongo-java-driver-3.12.14.jar;C:\Users\david\.m2\repository\io\quarkus\quarkus-container-image-docker\3.10.0\quarkus-container-image-docker-3.10.0.jar;C:\Users\david\.m2\repository\io\quarkus\quarkus-container-image\3.10.0\quarkus-container-image-3.10.0.jar;C:\Users\david\.m2\repository\io\quarkus\quarkus-mongodb-client\3.10.0\quarkus-mongodb-client-3.10.0.jar;C:\Users\david\.m2\repository\io\quarkus\quarkus-mutiny\3.10.0\quarkus-mutiny-3.10.0.jar;C:\Users\david\.m2\repository\io\quarkus\quarkus-smallrye-context-propagation\3.10.0\quarkus-smallrye-context-propagation-3.10.0.jar;C:\Users\david\.m2\repository\io\smallrye\smallrye-context-propagation\2.1.0\smallrye-context-propagation-2.1.0.jar;C:\Users\david\.m2\repository\io\smallrye\smallrye-context-propagation-api\2.1.0\smallrye-context-propagation-api-2.1.0.jar;C:\Users\david\.m2\repository\io\smallrye\smallrye-context-propagation-storage\2.1.0\smallrye-context-propagation-storage-2.1.0.jar;C:\Users\david\.m2\repository\io\smallrye\reactive\mutiny-smallrye-context-propagation\2.6.0\mutiny-smallrye-context-propagation-2.6.0.jar;C:\Users\david\.m2\repository\io\smallrye\reactive\mutiny-zero-flow-adapters\1.1.0\mutiny-zero-flow-adapters-1.1.0.jar;C:\Users\david\.m2\repository\org\reactivestreams\reactive-streams\1.0.4\reactive-streams-1.0.4.jar;C:\Users\david\.m2\repository\io\quarkus\quarkus-vertx\3.10.0\quarkus-vertx-3.10.0.jar;C:\Users\david\.m2\repository\io\quarkus\quarkus-netty\3.10.0\quarkus-netty-3.10.0.jar;C:\Users\david\.m2\repository\io\netty\netty-codec\4.1.108.Final\netty-codec-4.1.108.Final.jar;C:\Users\david\.m2\repository\io\netty\netty-codec-http\4.1.108.Final\netty-codec-http-4.1.108.Final.jar;C:\Users\david\.m2\repository\io\netty\netty-codec-http2\4.1.108.Final\netty-codec-http2-4.1.108.Final.jar;C:\Users\david\.m2\repository\io\netty\netty-handler\4.1.108.Final\netty-handler-4.1.108.Final.jar;C:\Users\david\.m2\repository\io\netty\netty-transport-native-unix-common\4.1.108.Final\netty-transport-native-unix-common-4.1.108.Final.jar;C:\Users\david\.m2\repository\com\aayushatharva\brotli4j\brotli4j\1.16.0\brotli4j-1.16.0.jar;C:\Users\david\.m2\repository\com\aayushatharva\brotli4j\service\1.16.0\service-1.16.0.jar;C:\Users\david\.m2\repository\com\aayushatharva\brotli4j\native-windows-x86_64\1.16.0\native-windows-x86_64-1.16.0.jar;C:\Users\david\.m2\repository\io\netty\netty-codec-haproxy\4.1.108.Final\netty-codec-haproxy-4.1.108.Final.jar;C:\Users\david\.m2\repository\io\netty\netty-buffer\4.1.108.Final\netty-buffer-4.1.108.Final.jar;C:\Users\david\.m2\repository\io\netty\netty-transport\4.1.108.Final\netty-transport-4.1.108.Final.jar;C:\Users\david\.m2\repository\io\smallrye\common\smallrye-common-annotation\2.3.0\smallrye-common-annotation-2.3.0.jar;C:\Users\david\.m2\repository\io\quarkus\quarkus-virtual-threads\3.10.0\quarkus-virtual-threads-3.10.0.jar;C:\Users\david\.m2\repository\io\quarkus\quarkus-vertx-latebound-mdc-provider\3.10.0\quarkus-vertx-latebound-mdc-provider-3.10.0.jar;C:\Users\david\.m2\repository\io\smallrye\reactive\smallrye-mutiny-vertx-core\3.12.0\smallrye-mutiny-vertx-core-3.12.0.jar;C:\Users\david\.m2\repository\io\smallrye\reactive\smallrye-mutiny-vertx-runtime\3.12.0\smallrye-mutiny-vertx-runtime-3.12.0.jar;C:\Users\david\.m2\repository\io\smallrye\reactive\vertx-mutiny-generator\3.12.0\vertx-mutiny-generator-3.12.0.jar;C:\Users\david\.m2\repository\io\vertx\vertx-codegen\4.5.7\vertx-codegen-4.5.7.jar;C:\Users\david\.m2\repository\io\smallrye\smallrye-fault-tolerance-vertx\6.3.0\smallrye-fault-tolerance-vertx-6.3.0.jar;C:\Users\david\.m2\repository\io\quarkus\quarkus-mutiny-reactive-streams-operators\3.10.0\quarkus-mutiny-reactive-streams-operators-3.10.0.jar;C:\Users\david\.m2\repository\org\eclipse\microprofile\reactive-streams-operators\microprofile-reactive-streams-operators-api\3.0\microprofile-reactive-streams-operators-api-3.0.jar;C:\Users\david\.m2\repository\org\eclipse\microprofile\reactive-streams-operators\microprofile-reactive-streams-operators-core\3.0\microprofile-reactive-streams-operators-core-3.0.jar;C:\Users\david\.m2\repository\io\smallrye\reactive\mutiny-reactive-streams-operators\2.6.0\mutiny-reactive-streams-operators-2.6.0.jar;C:\Users\david\.m2\repository\org\mongodb\mongodb-driver-reactivestreams\4.11.1\mongodb-driver-reactivestreams-4.11.1.jar;C:\Users\david\.m2\repository\io\projectreactor\reactor-core\3.5.0\reactor-core-3.5.0.jar;C:\Users\david\.m2\repository\org\mongodb\mongodb-crypt\1.8.0\mongodb-crypt-1.8.0.jar;C:\Users\david\.m2\repository\net\java\dev\jna\jna\5.8.0\jna-5.8.0.jar;C:\Users\david\.m2\repository\io\quarkus\quarkus-smallrye-jwt\3.10.0\quarkus-smallrye-jwt-3.10.0.jar;C:\Users\david\.m2\repository\io\smallrye\smallrye-jwt\4.5.1\smallrye-jwt-4.5.1.jar;C:\Users\david\.m2\repository\org\bitbucket\b_c\jose4j\0.9.6\jose4j-0.9.6.jar;C:\Users\david\.m2\repository\io\smallrye\smallrye-jwt-common\4.5.1\smallrye-jwt-common-4.5.1.jar;C:\Users\david\.m2\repository\jakarta\annotation\jakarta.annotation-api\2.1.1\jakarta.annotation-api-2.1.1.jar;C:\Users\david\.m2\repository\io\quarkus\quarkus-jsonp\3.10.0\quarkus-jsonp-3.10.0.jar;C:\Users\david\.m2\repository\org\eclipse\parsson\parsson\1.1.5\parsson-1.1.5.jar;C:\Users\david\.m2\repository\io\quarkus\quarkus-resteasy-jsonb\3.10.0\quarkus-resteasy-jsonb-3.10.0.jar;C:\Users\david\.m2\repository\io\quarkus\quarkus-jsonb\3.10.0\quarkus-jsonb-3.10.0.jar;C:\Users\david\.m2\repository\org\eclipse\yasson\3.0.3\yasson-3.0.3.jar;C:\Users\david\.m2\repository\org\jboss\resteasy\resteasy-json-binding-provider\6.2.7.Final\resteasy-json-binding-provider-6.2.7.Final.jar;C:\Users\david\.m2\repository\jakarta\json\bind\jakarta.json.bind-api\3.0.0\jakarta.json.bind-api-3.0.0.jar;C:\Users\david\.m2\repository\org\jboss\resteasy\resteasy-json-p-provider\6.2.7.Final\resteasy-json-p-provider-6.2.7.Final.jar;C:\Users\david\.m2\repository\jakarta\json\jakarta.json-api\2.1.3\jakarta.json-api-2.1.3.jar;C:\Users\david\.m2\repository\commons-io\commons-io\2.16.0\commons-io-2.16.0.jar;C:\Users\david\.m2\repository\io\quarkus\quarkus-security\3.10.0\quarkus-security-3.10.0.jar;C:\Users\david\.m2\repository\io\quarkus\quarkus-security-runtime-spi\3.10.0\quarkus-security-runtime-spi-3.10.0.jar;C:\Users\david\.m2\repository\jakarta\interceptor\jakarta.interceptor-api\2.1.0\jakarta.interceptor-api-2.1.0.jar;C:\Users\david\.m2\repository\io\quarkus\security\quarkus-security\2.0.3.Final\quarkus-security-2.0.3.Final.jar;C:\Users\david\.m2\repository\jakarta\enterprise\jakarta.enterprise.cdi-api\4.0.1\jakarta.enterprise.cdi-api-4.0.1.jar;C:\Users\david\.m2\repository\jakarta\enterprise\jakarta.enterprise.lang-model\4.0.1\jakarta.enterprise.lang-model-4.0.1.jar;C:\Users\david\.m2\repository\jakarta\el\jakarta.el-api\5.0.1\jakarta.el-api-5.0.1.jar;C:\Users\david\.m2\repository\org\mongodb\mongodb-driver-sync\5.0.1\mongodb-driver-sync-5.0.1.jar;C:\Users\david\.m2\repository\org\mongodb\bson\4.11.1\bson-4.11.1.jar;C:\Users\david\.m2\repository\org\mongodb\mongodb-driver-core\4.11.1\mongodb-driver-core-4.11.1.jar;C:\Users\david\.m2\repository\org\mongodb\bson-record-codec\4.11.1\bson-record-codec-4.11.1.jar;C:\Users\david\.m2\repository\dnsjava\dnsjava\3.5.3\dnsjava-3.5.3.jar;C:\Users\david\.m2\repository\org\slf4j\slf4j-api\2.0.6\slf4j-api-2.0.6.jar;C:\Users\david\.m2\repository\io\quarkus\quarkus-smallrye-jwt-build\3.10.0\quarkus-smallrye-jwt-build-3.10.0.jar;C:\Users\david\.m2\repository\io\smallrye\smallrye-jwt-build\4.5.1\smallrye-jwt-build-4.5.1.jar;C:\Users\david\.m2\repository\io\quarkus\quarkus-test-security\3.10.0\quarkus-test-security-3.10.0.jar;C:\Users\david\.m2\repository\io\quarkus\quarkus-test-security-jwt\3.9.4\quarkus-test-security-jwt-3.9.4.jar;C:\Users\david\.m2\repository\org\eclipse\microprofile\jwt\microprofile-jwt-auth-api\2.1\microprofile-jwt-auth-api-2.1.jar;C:\Users\david\.m2\repository\org\mindrot\jbcrypt\0.4\jbcrypt-0.4.jar;"/>
    <property name="java.vm.vendor" value="Eclipse Adoptium"/>
    <property name="sun.arch.data.model" value="64"/>
    <property name="user.variant" value=""/>
    <property name="java.vendor.url" value="https://adoptium.net/"/>
    <property name="user.timezone" value="Europe/Stockholm"/>
    <property name="user.country.format" value="SE"/>
    <property name="logging.initial-configurator.min-level" value="500"/>
    <property name="java.vm.specification.version" value="17"/>
    <property name="os.name" value="Windows 11"/>
    <property name="sun.java.launcher" value="SUN_STANDARD"/>
    <property name="user.country" value="GB"/>
    <property name="groovy.use.classvalue" value="false"/>
    <property name="mp.openapi.extensions.smallrye.defaultProduces" value="application/json"/>
    <property name="sun.boot.library.path" value="C:\Users\david\AppData\Local\Programs\Eclipse Adoptium\jdk-17.0.8.7-hotspot\bin"/>
    <property name="sun.java.command" value="C:\Users\david\AppData\Local\Temp\surefire8812538146206663728\surefirebooter-20240514102319665_3.jar C:\Users\david\AppData\Local\Temp\surefire8812538146206663728 2024-05-14T10-23-19_042-jvmRun1 surefire-20240514102319665_1tmp surefire_0-20240514102319665_2tmp"/>
    <property name="jdk.debug" value="release"/>
    <property name="maven.home" value="C:\Users\david\.m2\wrapper\dists\apache-maven-3.9.6-bin\3311e1d4\apache-maven-3.9.6"/>
    <property name="surefire.test.class.path" value="C:\Users\david\repos\github\PlanningPoker-Backend\target\test-classes;C:\Users\david\repos\github\PlanningPoker-Backend\target\classes;C:\Users\david\.m2\repository\io\quarkus\quarkus-smallrye-openapi\3.10.0\quarkus-smallrye-openapi-3.10.0.jar;C:\Users\david\.m2\repository\io\smallrye\smallrye-open-api-core\3.10.0\smallrye-open-api-core-3.10.0.jar;C:\Users\david\.m2\repository\org\eclipse\microprofile\openapi\microprofile-openapi-api\3.1.1\microprofile-openapi-api-3.1.1.jar;C:\Users\david\.m2\repository\org\eclipse\microprofile\config\microprofile-config-api\3.0.3\microprofile-config-api-3.0.3.jar;C:\Users\david\.m2\repository\com\fasterxml\jackson\core\jackson-core\2.17.0\jackson-core-2.17.0.jar;C:\Users\david\.m2\repository\com\fasterxml\jackson\dataformat\jackson-dataformat-yaml\2.17.0\jackson-dataformat-yaml-2.17.0.jar;C:\Users\david\.m2\repository\org\yaml\snakeyaml\2.2\snakeyaml-2.2.jar;C:\Users\david\.m2\repository\io\smallrye\jandex\3.1.7\jandex-3.1.7.jar;C:\Users\david\.m2\repository\org\jboss\logging\jboss-logging\3.5.3.Final\jboss-logging-3.5.3.Final.jar;C:\Users\david\.m2\repository\io\quarkus\quarkus-core\3.10.0\quarkus-core-3.10.0.jar;C:\Users\david\.m2\repository\jakarta\inject\jakarta.inject-api\2.0.1\jakarta.inject-api-2.0.1.jar;C:\Users\david\.m2\repository\io\smallrye\common\smallrye-common-os\2.3.0\smallrye-common-os-2.3.0.jar;C:\Users\david\.m2\repository\io\quarkus\quarkus-ide-launcher\3.10.0\quarkus-ide-launcher-3.10.0.jar;C:\Users\david\.m2\repository\io\quarkus\quarkus-development-mode-spi\3.10.0\quarkus-development-mode-spi-3.10.0.jar;C:\Users\david\.m2\repository\io\smallrye\config\smallrye-config\3.7.1\smallrye-config-3.7.1.jar;C:\Users\david\.m2\repository\io\smallrye\config\smallrye-config-core\3.7.1\smallrye-config-core-3.7.1.jar;C:\Users\david\.m2\repository\io\smallrye\common\smallrye-common-classloader\2.3.0\smallrye-common-classloader-2.3.0.jar;C:\Users\david\.m2\repository\io\smallrye\config\smallrye-config-common\3.7.1\smallrye-config-common-3.7.1.jar;C:\Users\david\.m2\repository\org\jboss\logmanager\jboss-logmanager\3.0.4.Final\jboss-logmanager-3.0.4.Final.jar;C:\Users\david\.m2\repository\io\smallrye\common\smallrye-common-constraint\2.3.0\smallrye-common-constraint-2.3.0.jar;C:\Users\david\.m2\repository\io\smallrye\common\smallrye-common-cpu\2.3.0\smallrye-common-cpu-2.3.0.jar;C:\Users\david\.m2\repository\io\smallrye\common\smallrye-common-expression\2.3.0\smallrye-common-expression-2.3.0.jar;C:\Users\david\.m2\repository\io\smallrye\common\smallrye-common-function\2.3.0\smallrye-common-function-2.3.0.jar;C:\Users\david\.m2\repository\io\smallrye\common\smallrye-common-net\2.3.0\smallrye-common-net-2.3.0.jar;C:\Users\david\.m2\repository\io\smallrye\common\smallrye-common-ref\2.3.0\smallrye-common-ref-2.3.0.jar;C:\Users\david\.m2\repository\org\jboss\logging\jboss-logging-annotations\2.2.1.Final\jboss-logging-annotations-2.2.1.Final.jar;C:\Users\david\.m2\repository\org\jboss\threads\jboss-threads\3.6.1.Final\jboss-threads-3.6.1.Final.jar;C:\Users\david\.m2\repository\org\jboss\slf4j\slf4j-jboss-logmanager\2.0.0.Final\slf4j-jboss-logmanager-2.0.0.Final.jar;C:\Users\david\.m2\repository\org\wildfly\common\wildfly-common\1.7.0.Final\wildfly-common-1.7.0.Final.jar;C:\Users\david\.m2\repository\io\quarkus\quarkus-bootstrap-runner\3.10.0\quarkus-bootstrap-runner-3.10.0.jar;C:\Users\david\.m2\repository\io\quarkus\quarkus-fs-util\0.0.10\quarkus-fs-util-0.0.10.jar;C:\Users\david\.m2\repository\io\quarkus\quarkus-vertx-http\3.10.0\quarkus-vertx-http-3.10.0.jar;C:\Users\david\.m2\repository\io\quarkus\quarkus-credentials\3.10.0\quarkus-credentials-3.10.0.jar;C:\Users\david\.m2\repository\io\smallrye\common\smallrye-common-vertx-context\2.3.0\smallrye-common-vertx-context-2.3.0.jar;C:\Users\david\.m2\repository\io\vertx\vertx-core\4.5.7\vertx-core-4.5.7.jar;C:\Users\david\.m2\repository\io\netty\netty-common\4.1.108.Final\netty-common-4.1.108.Final.jar;C:\Users\david\.m2\repository\io\netty\netty-handler-proxy\4.1.108.Final\netty-handler-proxy-4.1.108.Final.jar;C:\Users\david\.m2\repository\io\netty\netty-codec-socks\4.1.108.Final\netty-codec-socks-4.1.108.Final.jar;C:\Users\david\.m2\repository\io\netty\netty-resolver\4.1.108.Final\netty-resolver-4.1.108.Final.jar;C:\Users\david\.m2\repository\io\netty\netty-resolver-dns\4.1.108.Final\netty-resolver-dns-4.1.108.Final.jar;C:\Users\david\.m2\repository\io\netty\netty-codec-dns\4.1.108.Final\netty-codec-dns-4.1.108.Final.jar;C:\Users\david\.m2\repository\io\smallrye\reactive\smallrye-mutiny-vertx-web\3.12.0\smallrye-mutiny-vertx-web-3.12.0.jar;C:\Users\david\.m2\repository\io\smallrye\reactive\smallrye-mutiny-vertx-web-common\3.12.0\smallrye-mutiny-vertx-web-common-3.12.0.jar;C:\Users\david\.m2\repository\io\smallrye\reactive\smallrye-mutiny-vertx-auth-common\3.12.0\smallrye-mutiny-vertx-auth-common-3.12.0.jar;C:\Users\david\.m2\repository\io\smallrye\reactive\smallrye-mutiny-vertx-bridge-common\3.12.0\smallrye-mutiny-vertx-bridge-common-3.12.0.jar;C:\Users\david\.m2\repository\io\smallrye\reactive\smallrye-mutiny-vertx-uri-template\3.12.0\smallrye-mutiny-vertx-uri-template-3.12.0.jar;C:\Users\david\.m2\repository\io\vertx\vertx-uri-template\4.5.7\vertx-uri-template-4.5.7.jar;C:\Users\david\.m2\repository\io\vertx\vertx-web\4.5.7\vertx-web-4.5.7.jar;C:\Users\david\.m2\repository\io\vertx\vertx-web-common\4.5.7\vertx-web-common-4.5.7.jar;C:\Users\david\.m2\repository\io\vertx\vertx-auth-common\4.5.7\vertx-auth-common-4.5.7.jar;C:\Users\david\.m2\repository\io\vertx\vertx-bridge-common\4.5.7\vertx-bridge-common-4.5.7.jar;C:\Users\david\.m2\repository\io\github\crac\org-crac\0.1.3\org-crac-0.1.3.jar;C:\Users\david\.m2\repository\io\quarkus\quarkus-swagger-ui\3.10.0\quarkus-swagger-ui-3.10.0.jar;C:\Users\david\.m2\repository\io\quarkus\quarkus-resteasy\3.10.0\quarkus-resteasy-3.10.0.jar;C:\Users\david\.m2\repository\io\quarkus\quarkus-resteasy-server-common\3.10.0\quarkus-resteasy-server-common-3.10.0.jar;C:\Users\david\.m2\repository\io\quarkus\quarkus-resteasy-common\3.10.0\quarkus-resteasy-common-3.10.0.jar;C:\Users\david\.m2\repository\org\jboss\resteasy\resteasy-core\6.2.7.Final\resteasy-core-6.2.7.Final.jar;C:\Users\david\.m2\repository\jakarta\xml\bind\jakarta.xml.bind-api\4.0.2\jakarta.xml.bind-api-4.0.2.jar;C:\Users\david\.m2\repository\com\ibm\async\asyncutil\0.1.0\asyncutil-0.1.0.jar;C:\Users\david\.m2\repository\org\eclipse\angus\angus-activation\2.0.2\angus-activation-2.0.2.jar;C:\Users\david\.m2\repository\jakarta\activation\jakarta.activation-api\2.1.3\jakarta.activation-api-2.1.3.jar;C:\Users\david\.m2\repository\jakarta\ws\rs\jakarta.ws.rs-api\3.1.0\jakarta.ws.rs-api-3.1.0.jar;C:\Users\david\.m2\repository\org\jboss\resteasy\microprofile\microprofile-config\2.1.5.Final\microprofile-config-2.1.5.Final.jar;C:\Users\david\.m2\repository\jakarta\servlet\jakarta.servlet-api\6.0.0\jakarta.servlet-api-6.0.0.jar;C:\Users\david\.m2\repository\org\jboss\resteasy\resteasy-cdi\6.2.7.Final\resteasy-cdi-6.2.7.Final.jar;C:\Users\david\.m2\repository\org\jboss\resteasy\resteasy-core-spi\6.2.7.Final\resteasy-core-spi-6.2.7.Final.jar;C:\Users\david\.m2\repository\jakarta\validation\jakarta.validation-api\3.0.2\jakarta.validation-api-3.0.2.jar;C:\Users\david\.m2\repository\io\quarkus\quarkus-arc\3.10.0\quarkus-arc-3.10.0.jar;C:\Users\david\.m2\repository\io\quarkus\arc\arc\3.10.0\arc-3.10.0.jar;C:\Users\david\.m2\repository\jakarta\transaction\jakarta.transaction-api\2.0.1\jakarta.transaction-api-2.0.1.jar;C:\Users\david\.m2\repository\io\smallrye\reactive\mutiny\2.6.0\mutiny-2.6.0.jar;C:\Users\david\.m2\repository\org\jctools\jctools-core\4.0.3\jctools-core-4.0.3.jar;C:\Users\david\.m2\repository\org\eclipse\microprofile\context-propagation\microprofile-context-propagation-api\1.3\microprofile-context-propagation-api-1.3.jar;C:\Users\david\.m2\repository\io\quarkus\quarkus-junit5\3.10.0\quarkus-junit5-3.10.0.jar;C:\Users\david\.m2\repository\io\quarkus\quarkus-bootstrap-core\3.10.0\quarkus-bootstrap-core-3.10.0.jar;C:\Users\david\.m2\repository\io\quarkus\quarkus-bootstrap-app-model\3.10.0\quarkus-bootstrap-app-model-3.10.0.jar;C:\Users\david\.m2\repository\io\smallrye\common\smallrye-common-io\2.3.0\smallrye-common-io-2.3.0.jar;C:\Users\david\.m2\repository\org\eclipse\sisu\org.eclipse.sisu.inject\0.9.0.M2\org.eclipse.sisu.inject-0.9.0.M2.jar;C:\Users\david\.m2\repository\io\quarkus\quarkus-test-common\3.10.0\quarkus-test-common-3.10.0.jar;C:\Users\david\.m2\repository\io\quarkus\quarkus-core-deployment\3.10.0\quarkus-core-deployment-3.10.0.jar;C:\Users\david\.m2\repository\org\aesh\readline\2.4\readline-2.4.jar;C:\Users\david\.m2\repository\org\fusesource\jansi\jansi\2.4.0\jansi-2.4.0.jar;C:\Users\david\.m2\repository\org\aesh\aesh\2.7\aesh-2.7.jar;C:\Users\david\.m2\repository\io\quarkus\gizmo\gizmo\1.8.0\gizmo-1.8.0.jar;C:\Users\david\.m2\repository\org\ow2\asm\asm-util\9.7\asm-util-9.7.jar;C:\Users\david\.m2\repository\org\ow2\asm\asm-analysis\9.7\asm-analysis-9.7.jar;C:\Users\david\.m2\repository\org\ow2\asm\asm\9.7\asm-9.7.jar;C:\Users\david\.m2\repository\org\ow2\asm\asm-commons\9.7\asm-commons-9.7.jar;C:\Users\david\.m2\repository\org\ow2\asm\asm-tree\9.7\asm-tree-9.7.jar;C:\Users\david\.m2\repository\io\quarkus\quarkus-class-change-agent\3.10.0\quarkus-class-change-agent-3.10.0.jar;C:\Users\david\.m2\repository\io\quarkus\quarkus-devtools-utilities\3.10.0\quarkus-devtools-utilities-3.10.0.jar;C:\Users\david\.m2\repository\io\quarkus\quarkus-builder\3.10.0\quarkus-builder-3.10.0.jar;C:\Users\david\.m2\repository\org\graalvm\sdk\nativeimage\23.1.2\nativeimage-23.1.2.jar;C:\Users\david\.m2\repository\org\graalvm\sdk\word\23.1.2\word-23.1.2.jar;C:\Users\david\.m2\repository\org\junit\platform\junit-platform-launcher\1.10.2\junit-platform-launcher-1.10.2.jar;C:\Users\david\.m2\repository\io\quarkus\quarkus-bootstrap-maven-resolver\3.10.0\quarkus-bootstrap-maven-resolver-3.10.0.jar;C:\Users\david\.m2\repository\io\smallrye\beanbag\smallrye-beanbag-maven\1.4.1\smallrye-beanbag-maven-1.4.1.jar;C:\Users\david\.m2\repository\io\smallrye\beanbag\smallrye-beanbag-sisu\1.4.1\smallrye-beanbag-sisu-1.4.1.jar;C:\Users\david\.m2\repository\io\smallrye\beanbag\smallrye-beanbag\1.4.1\smallrye-beanbag-1.4.1.jar;C:\Users\david\.m2\repository\javax\inject\javax.inject\1\javax.inject-1.jar;C:\Users\david\.m2\repository\org\apache\maven\maven-artifact\3.9.6\maven-artifact-3.9.6.jar;C:\Users\david\.m2\repository\org\apache\maven\maven-builder-support\3.9.6\maven-builder-support-3.9.6.jar;C:\Users\david\.m2\repository\org\apache\maven\maven-model\3.9.6\maven-model-3.9.6.jar;C:\Users\david\.m2\repository\org\apache\maven\maven-model-builder\3.9.6\maven-model-builder-3.9.6.jar;C:\Users\david\.m2\repository\org\apache\maven\maven-repository-metadata\3.9.6\maven-repository-metadata-3.9.6.jar;C:\Users\david\.m2\repository\org\apache\maven\maven-settings\3.9.6\maven-settings-3.9.6.jar;C:\Users\david\.m2\repository\org\apache\maven\resolver\maven-resolver-api\1.9.18\maven-resolver-api-1.9.18.jar;C:\Users\david\.m2\repository\org\apache\maven\resolver\maven-resolver-impl\1.9.18\maven-resolver-impl-1.9.18.jar;C:\Users\david\.m2\repository\org\apache\maven\resolver\maven-resolver-named-locks\1.9.18\maven-resolver-named-locks-1.9.18.jar;C:\Users\david\.m2\repository\org\apache\maven\resolver\maven-resolver-spi\1.9.18\maven-resolver-spi-1.9.18.jar;C:\Users\david\.m2\repository\org\apache\maven\resolver\maven-resolver-util\1.9.18\maven-resolver-util-1.9.18.jar;C:\Users\david\.m2\repository\org\apache\maven\resolver\maven-resolver-transport-http\1.9.18\maven-resolver-transport-http-1.9.18.jar;C:\Users\david\.m2\repository\org\apache\maven\wagon\wagon-provider-api\3.5.3\wagon-provider-api-3.5.3.jar;C:\Users\david\.m2\repository\org\apache\maven\wagon\wagon-http-shared\3.5.3\wagon-http-shared-3.5.3.jar;C:\Users\david\.m2\repository\org\codehaus\plexus\plexus-interpolation\1.26\plexus-interpolation-1.26.jar;C:\Users\david\.m2\repository\org\codehaus\plexus\plexus-utils\3.5.1\plexus-utils-3.5.1.jar;C:\Users\david\.m2\repository\org\codehaus\plexus\plexus-xml\4.0.0\plexus-xml-4.0.0.jar;C:\Users\david\.m2\repository\org\apache\maven\maven-xml-impl\4.0.0-alpha-5\maven-xml-impl-4.0.0-alpha-5.jar;C:\Users\david\.m2\repository\org\apache\maven\maven-api-xml\4.0.0-alpha-5\maven-api-xml-4.0.0-alpha-5.jar;C:\Users\david\.m2\repository\org\apache\maven\maven-api-meta\4.0.0-alpha-5\maven-api-meta-4.0.0-alpha-5.jar;C:\Users\david\.m2\repository\org\codehaus\plexus\plexus-cipher\2.0\plexus-cipher-2.0.jar;C:\Users\david\.m2\repository\org\codehaus\plexus\plexus-sec-dispatcher\2.0\plexus-sec-dispatcher-2.0.jar;C:\Users\david\.m2\repository\org\apache\maven\maven-embedder\3.9.6\maven-embedder-3.9.6.jar;C:\Users\david\.m2\repository\org\apache\maven\maven-core\3.9.6\maven-core-3.9.6.jar;C:\Users\david\.m2\repository\org\codehaus\plexus\plexus-component-annotations\2.1.0\plexus-component-annotations-2.1.0.jar;C:\Users\david\.m2\repository\org\apache\maven\maven-plugin-api\3.9.6\maven-plugin-api-3.9.6.jar;C:\Users\david\.m2\repository\org\apache\maven\shared\maven-shared-utils\3.3.4\maven-shared-utils-3.3.4.jar;C:\Users\david\.m2\repository\com\google\inject\guice\5.1.0\guice-5.1.0.jar;C:\Users\david\.m2\repository\aopalliance\aopalliance\1.0\aopalliance-1.0.jar;C:\Users\david\.m2\repository\com\google\guava\guava\33.1.0-jre\guava-33.1.0-jre.jar;C:\Users\david\.m2\repository\com\google\guava\failureaccess\1.0.1\failureaccess-1.0.1.jar;C:\Users\david\.m2\repository\javax\annotation\javax.annotation-api\1.3.2\javax.annotation-api-1.3.2.jar;C:\Users\david\.m2\repository\org\codehaus\plexus\plexus-classworlds\2.6.0\plexus-classworlds-2.6.0.jar;C:\Users\david\.m2\repository\commons-cli\commons-cli\1.5.0\commons-cli-1.5.0.jar;C:\Users\david\.m2\repository\org\eclipse\sisu\org.eclipse.sisu.plexus\0.9.0.M2\org.eclipse.sisu.plexus-0.9.0.M2.jar;C:\Users\david\.m2\repository\org\apache\maven\maven-settings-builder\3.9.6\maven-settings-builder-3.9.6.jar;C:\Users\david\.m2\repository\org\apache\maven\maven-resolver-provider\3.9.6\maven-resolver-provider-3.9.6.jar;C:\Users\david\.m2\repository\org\apache\maven\resolver\maven-resolver-connector-basic\1.9.18\maven-resolver-connector-basic-1.9.18.jar;C:\Users\david\.m2\repository\org\apache\maven\resolver\maven-resolver-transport-wagon\1.9.18\maven-resolver-transport-wagon-1.9.18.jar;C:\Users\david\.m2\repository\org\apache\maven\wagon\wagon-http\3.5.3\wagon-http-3.5.3.jar;C:\Users\david\.m2\repository\org\apache\maven\wagon\wagon-file\3.5.3\wagon-file-3.5.3.jar;C:\Users\david\.m2\repository\io\quarkus\quarkus-bootstrap-gradle-resolver\3.10.0\quarkus-bootstrap-gradle-resolver-3.10.0.jar;C:\Users\david\.m2\repository\org\jboss\logging\commons-logging-jboss-logging\1.0.0.Final\commons-logging-jboss-logging-1.0.0.Final.jar;C:\Users\david\.m2\repository\io\quarkus\quarkus-junit5-properties\3.10.0\quarkus-junit5-properties-3.10.0.jar;C:\Users\david\.m2\repository\org\junit\jupiter\junit-jupiter\5.10.2\junit-jupiter-5.10.2.jar;C:\Users\david\.m2\repository\org\junit\jupiter\junit-jupiter-api\5.10.2\junit-jupiter-api-5.10.2.jar;C:\Users\david\.m2\repository\org\opentest4j\opentest4j\1.3.0\opentest4j-1.3.0.jar;C:\Users\david\.m2\repository\org\junit\platform\junit-platform-commons\1.10.2\junit-platform-commons-1.10.2.jar;C:\Users\david\.m2\repository\org\apiguardian\apiguardian-api\1.1.2\apiguardian-api-1.1.2.jar;C:\Users\david\.m2\repository\org\junit\jupiter\junit-jupiter-params\5.10.2\junit-jupiter-params-5.10.2.jar;C:\Users\david\.m2\repository\org\junit\jupiter\junit-jupiter-engine\5.10.2\junit-jupiter-engine-5.10.2.jar;C:\Users\david\.m2\repository\org\junit\platform\junit-platform-engine\1.10.2\junit-platform-engine-1.10.2.jar;C:\Users\david\.m2\repository\com\thoughtworks\xstream\xstream\1.4.20\xstream-1.4.20.jar;C:\Users\david\.m2\repository\io\github\x-stream\mxparser\1.2.2\mxparser-1.2.2.jar;C:\Users\david\.m2\repository\xmlpull\xmlpull\1.1.3.1\xmlpull-1.1.3.1.jar;C:\Users\david\.m2\repository\io\rest-assured\rest-assured\5.4.0\rest-assured-5.4.0.jar;C:\Users\david\.m2\repository\org\apache\groovy\groovy\4.0.16\groovy-4.0.16.jar;C:\Users\david\.m2\repository\org\apache\groovy\groovy-xml\4.0.16\groovy-xml-4.0.16.jar;C:\Users\david\.m2\repository\org\apache\httpcomponents\httpclient\4.5.14\httpclient-4.5.14.jar;C:\Users\david\.m2\repository\org\apache\httpcomponents\httpcore\4.4.16\httpcore-4.4.16.jar;C:\Users\david\.m2\repository\commons-codec\commons-codec\1.16.1\commons-codec-1.16.1.jar;C:\Users\david\.m2\repository\org\apache\httpcomponents\httpmime\4.5.14\httpmime-4.5.14.jar;C:\Users\david\.m2\repository\org\hamcrest\hamcrest\2.2\hamcrest-2.2.jar;C:\Users\david\.m2\repository\org\ccil\cowan\tagsoup\tagsoup\1.2.1\tagsoup-1.2.1.jar;C:\Users\david\.m2\repository\io\rest-assured\json-path\5.4.0\json-path-5.4.0.jar;C:\Users\david\.m2\repository\org\apache\groovy\groovy-json\4.0.16\groovy-json-4.0.16.jar;C:\Users\david\.m2\repository\io\rest-assured\rest-assured-common\5.4.0\rest-assured-common-5.4.0.jar;C:\Users\david\.m2\repository\io\rest-assured\xml-path\5.4.0\xml-path-5.4.0.jar;C:\Users\david\.m2\repository\org\apache\commons\commons-lang3\3.14.0\commons-lang3-3.14.0.jar;C:\Users\david\.m2\repository\io\jsonwebtoken\jjwt-jackson\0.12.5\jjwt-jackson-0.12.5.jar;C:\Users\david\.m2\repository\com\fasterxml\jackson\core\jackson-databind\2.17.0\jackson-databind-2.17.0.jar;C:\Users\david\.m2\repository\com\fasterxml\jackson\core\jackson-annotations\2.17.0\jackson-annotations-2.17.0.jar;C:\Users\david\.m2\repository\net\bytebuddy\byte-buddy\1.14.11\byte-buddy-1.14.11.jar;C:\Users\david\.m2\repository\io\jsonwebtoken\jjwt-impl\0.12.5\jjwt-impl-0.12.5.jar;C:\Users\david\.m2\repository\io\jsonwebtoken\jjwt-api\0.12.5\jjwt-api-0.12.5.jar;C:\Users\david\.m2\repository\org\mongodb\mongo-java-driver\3.12.14\mongo-java-driver-3.12.14.jar;C:\Users\david\.m2\repository\io\quarkus\quarkus-container-image-docker\3.10.0\quarkus-container-image-docker-3.10.0.jar;C:\Users\david\.m2\repository\io\quarkus\quarkus-container-image\3.10.0\quarkus-container-image-3.10.0.jar;C:\Users\david\.m2\repository\io\quarkus\quarkus-mongodb-client\3.10.0\quarkus-mongodb-client-3.10.0.jar;C:\Users\david\.m2\repository\io\quarkus\quarkus-mutiny\3.10.0\quarkus-mutiny-3.10.0.jar;C:\Users\david\.m2\repository\io\quarkus\quarkus-smallrye-context-propagation\3.10.0\quarkus-smallrye-context-propagation-3.10.0.jar;C:\Users\david\.m2\repository\io\smallrye\smallrye-context-propagation\2.1.0\smallrye-context-propagation-2.1.0.jar;C:\Users\david\.m2\repository\io\smallrye\smallrye-context-propagation-api\2.1.0\smallrye-context-propagation-api-2.1.0.jar;C:\Users\david\.m2\repository\io\smallrye\smallrye-context-propagation-storage\2.1.0\smallrye-context-propagation-storage-2.1.0.jar;C:\Users\david\.m2\repository\io\smallrye\reactive\mutiny-smallrye-context-propagation\2.6.0\mutiny-smallrye-context-propagation-2.6.0.jar;C:\Users\david\.m2\repository\io\smallrye\reactive\mutiny-zero-flow-adapters\1.1.0\mutiny-zero-flow-adapters-1.1.0.jar;C:\Users\david\.m2\repository\org\reactivestreams\reactive-streams\1.0.4\reactive-streams-1.0.4.jar;C:\Users\david\.m2\repository\io\quarkus\quarkus-vertx\3.10.0\quarkus-vertx-3.10.0.jar;C:\Users\david\.m2\repository\io\quarkus\quarkus-netty\3.10.0\quarkus-netty-3.10.0.jar;C:\Users\david\.m2\repository\io\netty\netty-codec\4.1.108.Final\netty-codec-4.1.108.Final.jar;C:\Users\david\.m2\repository\io\netty\netty-codec-http\4.1.108.Final\netty-codec-http-4.1.108.Final.jar;C:\Users\david\.m2\repository\io\netty\netty-codec-http2\4.1.108.Final\netty-codec-http2-4.1.108.Final.jar;C:\Users\david\.m2\repository\io\netty\netty-handler\4.1.108.Final\netty-handler-4.1.108.Final.jar;C:\Users\david\.m2\repository\io\netty\netty-transport-native-unix-common\4.1.108.Final\netty-transport-native-unix-common-4.1.108.Final.jar;C:\Users\david\.m2\repository\com\aayushatharva\brotli4j\brotli4j\1.16.0\brotli4j-1.16.0.jar;C:\Users\david\.m2\repository\com\aayushatharva\brotli4j\service\1.16.0\service-1.16.0.jar;C:\Users\david\.m2\repository\com\aayushatharva\brotli4j\native-windows-x86_64\1.16.0\native-windows-x86_64-1.16.0.jar;C:\Users\david\.m2\repository\io\netty\netty-codec-haproxy\4.1.108.Final\netty-codec-haproxy-4.1.108.Final.jar;C:\Users\david\.m2\repository\io\netty\netty-buffer\4.1.108.Final\netty-buffer-4.1.108.Final.jar;C:\Users\david\.m2\repository\io\netty\netty-transport\4.1.108.Final\netty-transport-4.1.108.Final.jar;C:\Users\david\.m2\repository\io\smallrye\common\smallrye-common-annotation\2.3.0\smallrye-common-annotation-2.3.0.jar;C:\Users\david\.m2\repository\io\quarkus\quarkus-virtual-threads\3.10.0\quarkus-virtual-threads-3.10.0.jar;C:\Users\david\.m2\repository\io\quarkus\quarkus-vertx-latebound-mdc-provider\3.10.0\quarkus-vertx-latebound-mdc-provider-3.10.0.jar;C:\Users\david\.m2\repository\io\smallrye\reactive\smallrye-mutiny-vertx-core\3.12.0\smallrye-mutiny-vertx-core-3.12.0.jar;C:\Users\david\.m2\repository\io\smallrye\reactive\smallrye-mutiny-vertx-runtime\3.12.0\smallrye-mutiny-vertx-runtime-3.12.0.jar;C:\Users\david\.m2\repository\io\smallrye\reactive\vertx-mutiny-generator\3.12.0\vertx-mutiny-generator-3.12.0.jar;C:\Users\david\.m2\repository\io\vertx\vertx-codegen\4.5.7\vertx-codegen-4.5.7.jar;C:\Users\david\.m2\repository\io\smallrye\smallrye-fault-tolerance-vertx\6.3.0\smallrye-fault-tolerance-vertx-6.3.0.jar;C:\Users\david\.m2\repository\io\quarkus\quarkus-mutiny-reactive-streams-operators\3.10.0\quarkus-mutiny-reactive-streams-operators-3.10.0.jar;C:\Users\david\.m2\repository\org\eclipse\microprofile\reactive-streams-operators\microprofile-reactive-streams-operators-api\3.0\microprofile-reactive-streams-operators-api-3.0.jar;C:\Users\david\.m2\repository\org\eclipse\microprofile\reactive-streams-operators\microprofile-reactive-streams-operators-core\3.0\microprofile-reactive-streams-operators-core-3.0.jar;C:\Users\david\.m2\repository\io\smallrye\reactive\mutiny-reactive-streams-operators\2.6.0\mutiny-reactive-streams-operators-2.6.0.jar;C:\Users\david\.m2\repository\org\mongodb\mongodb-driver-reactivestreams\4.11.1\mongodb-driver-reactivestreams-4.11.1.jar;C:\Users\david\.m2\repository\io\projectreactor\reactor-core\3.5.0\reactor-core-3.5.0.jar;C:\Users\david\.m2\repository\org\mongodb\mongodb-crypt\1.8.0\mongodb-crypt-1.8.0.jar;C:\Users\david\.m2\repository\net\java\dev\jna\jna\5.8.0\jna-5.8.0.jar;C:\Users\david\.m2\repository\io\quarkus\quarkus-smallrye-jwt\3.10.0\quarkus-smallrye-jwt-3.10.0.jar;C:\Users\david\.m2\repository\io\smallrye\smallrye-jwt\4.5.1\smallrye-jwt-4.5.1.jar;C:\Users\david\.m2\repository\org\bitbucket\b_c\jose4j\0.9.6\jose4j-0.9.6.jar;C:\Users\david\.m2\repository\io\smallrye\smallrye-jwt-common\4.5.1\smallrye-jwt-common-4.5.1.jar;C:\Users\david\.m2\repository\jakarta\annotation\jakarta.annotation-api\2.1.1\jakarta.annotation-api-2.1.1.jar;C:\Users\david\.m2\repository\io\quarkus\quarkus-jsonp\3.10.0\quarkus-jsonp-3.10.0.jar;C:\Users\david\.m2\repository\org\eclipse\parsson\parsson\1.1.5\parsson-1.1.5.jar;C:\Users\david\.m2\repository\io\quarkus\quarkus-resteasy-jsonb\3.10.0\quarkus-resteasy-jsonb-3.10.0.jar;C:\Users\david\.m2\repository\io\quarkus\quarkus-jsonb\3.10.0\quarkus-jsonb-3.10.0.jar;C:\Users\david\.m2\repository\org\eclipse\yasson\3.0.3\yasson-3.0.3.jar;C:\Users\david\.m2\repository\org\jboss\resteasy\resteasy-json-binding-provider\6.2.7.Final\resteasy-json-binding-provider-6.2.7.Final.jar;C:\Users\david\.m2\repository\jakarta\json\bind\jakarta.json.bind-api\3.0.0\jakarta.json.bind-api-3.0.0.jar;C:\Users\david\.m2\repository\org\jboss\resteasy\resteasy-json-p-provider\6.2.7.Final\resteasy-json-p-provider-6.2.7.Final.jar;C:\Users\david\.m2\repository\jakarta\json\jakarta.json-api\2.1.3\jakarta.json-api-2.1.3.jar;C:\Users\david\.m2\repository\commons-io\commons-io\2.16.0\commons-io-2.16.0.jar;C:\Users\david\.m2\repository\io\quarkus\quarkus-security\3.10.0\quarkus-security-3.10.0.jar;C:\Users\david\.m2\repository\io\quarkus\quarkus-security-runtime-spi\3.10.0\quarkus-security-runtime-spi-3.10.0.jar;C:\Users\david\.m2\repository\jakarta\interceptor\jakarta.interceptor-api\2.1.0\jakarta.interceptor-api-2.1.0.jar;C:\Users\david\.m2\repository\io\quarkus\security\quarkus-security\2.0.3.Final\quarkus-security-2.0.3.Final.jar;C:\Users\david\.m2\repository\jakarta\enterprise\jakarta.enterprise.cdi-api\4.0.1\jakarta.enterprise.cdi-api-4.0.1.jar;C:\Users\david\.m2\repository\jakarta\enterprise\jakarta.enterprise.lang-model\4.0.1\jakarta.enterprise.lang-model-4.0.1.jar;C:\Users\david\.m2\repository\jakarta\el\jakarta.el-api\5.0.1\jakarta.el-api-5.0.1.jar;C:\Users\david\.m2\repository\org\mongodb\mongodb-driver-sync\5.0.1\mongodb-driver-sync-5.0.1.jar;C:\Users\david\.m2\repository\org\mongodb\bson\4.11.1\bson-4.11.1.jar;C:\Users\david\.m2\repository\org\mongodb\mongodb-driver-core\4.11.1\mongodb-driver-core-4.11.1.jar;C:\Users\david\.m2\repository\org\mongodb\bson-record-codec\4.11.1\bson-record-codec-4.11.1.jar;C:\Users\david\.m2\repository\dnsjava\dnsjava\3.5.3\dnsjava-3.5.3.jar;C:\Users\david\.m2\repository\org\slf4j\slf4j-api\2.0.6\slf4j-api-2.0.6.jar;C:\Users\david\.m2\repository\io\quarkus\quarkus-smallrye-jwt-build\3.10.0\quarkus-smallrye-jwt-build-3.10.0.jar;C:\Users\david\.m2\repository\io\smallrye\smallrye-jwt-build\4.5.1\smallrye-jwt-build-4.5.1.jar;C:\Users\david\.m2\repository\io\quarkus\quarkus-test-security\3.10.0\quarkus-test-security-3.10.0.jar;C:\Users\david\.m2\repository\io\quarkus\quarkus-test-security-jwt\3.9.4\quarkus-test-security-jwt-3.9.4.jar;C:\Users\david\.m2\repository\org\eclipse\microprofile\jwt\microprofile-jwt-auth-api\2.1\microprofile-jwt-auth-api-2.1.jar;C:\Users\david\.m2\repository\org\mindrot\jbcrypt\0.4\jbcrypt-0.4.jar;"/>
    <property name="sun.cpu.endian" value="little"/>
    <property name="vertx.disableWebsockets" value="true"/>
    <property name="user.home" value="C:\Users\david"/>
    <property name="user.language" value="en"/>
    <property name="jboss.log-version" value="false"/>
    <property name="mp.openapi.extensions.smallrye.defaultPrimitivesConsumes" value="text/plain"/>
    <property name="java.specification.vendor" value="Oracle Corporation"/>
    <property name="io.netty.allocator.maxOrder" value="3"/>
    <property name="java.version.date" value="2023-07-18"/>
    <property name="java.home" value="C:\Users\david\AppData\Local\Programs\Eclipse Adoptium\jdk-17.0.8.7-hotspot"/>
    <property name="file.separator" value="\"/>
    <property name="basedir" value="C:\Users\david\repos\github\PlanningPoker-Backend"/>
    <property name="java.vm.compressedOopsMode" value="32-bit"/>
    <property name="line.separator" value="&#10;"/>
    <property name="java.vm.specification.vendor" value="Oracle Corporation"/>
    <property name="java.specification.name" value="Java Platform API Specification"/>
    <property name="surefire.real.class.path" value="C:\Users\david\AppData\Local\Temp\surefire8812538146206663728\surefirebooter-20240514102319665_3.jar"/>
    <property name="mp.openapi.extensions.smallrye.defaultStreamingConsumes" value="application/octet-stream"/>
    <property name="user.script" value=""/>
    <property name="sun.management.compiler" value="HotSpot 64-Bit Tiered Compilers"/>
    <property name="mp.openapi.extensions.smallrye.defaultPrimitivesProduces" value="text/plain"/>
    <property name="java.runtime.version" value="17.0.8+7"/>
    <property name="user.name" value="david"/>
    <property name="dev.resteasy.exception.mapper" value="false"/>
    <property name="path.separator" value=";"/>
    <property name="os.version" value="10.0"/>
    <property name="java.runtime.name" value="OpenJDK Runtime Environment"/>
    <property name="file.encoding" value="Cp1252"/>
    <property name="java.vm.name" value="OpenJDK 64-Bit Server VM"/>
    <property name="java.vendor.version" value="Temurin-17.0.8+7"/>
    <property name="localRepository" value="C:\Users\david\.m2\repository"/>
    <property name="java.vendor.url.bug" value="https://github.com/adoptium/adoptium-support/issues"/>
    <property name="java.io.tmpdir" value="C:\Users\david\AppData\Local\Temp\"/>
    <property name="quarkus.log.file.path" value="target\quarkus.log"/>
    <property name="java.version" value="17.0.8"/>
    <property name="mp.openapi.extensions.smallrye.defaultStreamingProduces" value="application/octet-stream"/>
    <property name="java.util.concurrent.ForkJoinPool.common.threadFactory" value="io.quarkus.bootstrap.forkjoin.QuarkusForkJoinWorkerThreadFactory"/>
    <property name="user.dir" value="C:\Users\david\repos\github\PlanningPoker-Backend"/>
    <property name="os.arch" value="amd64"/>
    <property name="java.vm.specification.name" value="Java Virtual Machine Specification"/>
    <property name="vertx.disableDnsResolver" value="true"/>
    <property name="sun.os.patch.level" value=""/>
    <property name="native.encoding" value="Cp1252"/>
    <property name="java.util.logging.manager" value="org.jboss.logmanager.LogManager"/>
    <property name="java.library.path" value="C:\Users\david\AppData\Local\Programs\Eclipse Adoptium\jdk-17.0.8.7-hotspot\bin;C:\WINDOWS\Sun\Java\bin;C:\WINDOWS\system32;C:\WINDOWS;C:\Users\david\bin;C:\Program Files\Git\mingw64\bin;C:\Program Files\Git\usr\local\bin;C:\Program Files\Git\usr\bin;C:\Program Files\Git\usr\bin;C:\Program Files\Git\mingw64\bin;C:\Program Files\Git\usr\bin;C:\Users\david\bin;C:\Program Files\Common Files\Oracle\Java\javapath;C:\Python311\Scripts;C:\Python311;C:\WINDOWS\system32;C:\WINDOWS;C:\WINDOWS\System32\Wbem;C:\WINDOWS\System32\WindowsPowerShell\v1.0;C:\WINDOWS\System32\OpenSSH;C:\Program Files\Intel\WiFi\bin;C:\Program Files\Common Files\Intel\WirelessCommon;C:\WINDOWS\system32;C:\WINDOWS;C:\WINDOWS\System32\Wbem;C:\WINDOWS\System32\WindowsPowerShell\v1.0;C:\WINDOWS\System32\OpenSSH;C:\Program Files\Microsoft SQL Server\150\Tools\Binn;C:\Program Files\Microsoft SQL Server\Client SDK\ODBC\170\Tools\Binn;C:\Program Files\dotnet;C:\Program Files\nodejs;C:\ProgramData\chocolatey\bin;C:\Program Files (x86)\dotnet;%JAVA_HOME%\bin;C:\Program Files\apache-maven-3.9.6-bin\apache-maven-3.9.6\bin;C:\Users\david\AppData\Roaming\npm;C:\Program Files\Docker\Docker\resources\bin;C:\Program Files\Git\cmd;C:\Users\david\AppData\Local\Programs\Eclipse Adoptium\jdk-17.0.8.7-hotspot\bin;C:\Users\david\AppData\Local\Microsoft\WindowsApps;C:\Users\david\.dotnet\tools;C:\Program Files\JetBrains\IntelliJ IDEA Community Edition 2023.2\bin;C:\Users\david\AppData\Local\GitHubDesktop\bin;C:\Users\david\AppData\Roaming\npm;C:\Users\david\AppData\Local\Programs\Microsoft VS Code\bin;C:\Program Files\Git\usr\bin\vendor_perl;C:\Program Files\Git\usr\bin\core_perl;."/>
    <property name="java.vm.info" value="mixed mode, sharing"/>
    <property name="java.vendor" value="Eclipse Adoptium"/>
    <property name="vertx.disableTCCL" value="true"/>
    <property name="java.vm.version" value="17.0.8+7"/>
    <property name="sun.io.unicode.encoding" value="UnicodeLittle"/>
    <property name="io.netty.machineId" value="9a:eb:b6:f2:ec:40:ee:49"/>
    <property name="java.class.version" value="61.0"/>
    <property name="mp.openapi.extensions.smallrye.defaultConsumes" value="application/json"/>
  </properties>
  <testcase name="testHelloEndpoint" classname="org.planningPoker.GreetingResourceTest" time="2.738">
    <system-out><![CDATA[2024-05-14 10:24:16,798 INFO  [org.tes.doc.DockerClientProviderStrategy] (build-134) Loaded org.testcontainers.dockerclient.NpipeSocketClientProviderStrategy from ~/.testcontainers.properties, will try it first
2024-05-14 10:24:20,390 INFO  [org.tes.doc.DockerClientProviderStrategy] (build-134) Found Docker environment with local Npipe socket (npipe:////./pipe/docker_engine)
2024-05-14 10:24:20,396 INFO  [org.tes.DockerClientFactory] (build-134) Docker host IP address is localhost
2024-05-14 10:24:20,419 INFO  [org.tes.DockerClientFactory] (build-134) Connected to docker: 
  Server Version: 26.0.0
  API Version: 1.45
  Operating System: Docker Desktop
  Total Memory: 2949 MB
2024-05-14 10:24:20,489 INFO  [org.tes.ima.PullPolicy] (build-134) Image pull policy will be performed by: DefaultPullPolicy()
2024-05-14 10:24:20,499 INFO  [org.tes.uti.ImageNameSubstitutor] (build-134) Image name substitution will be performed by: DefaultImageNameSubstitutor (composite of 'ConfigurationFileImageNameSubstitutor' and 'PrefixingImageNameSubstitutor')
2024-05-14 10:24:20,524 INFO  [org.tes.DockerClientFactory] (build-134) Checking the system...
2024-05-14 10:24:20,526 INFO  [org.tes.DockerClientFactory] (build-134) ?? Docker server version should be at least 1.6.0
2024-05-14 10:24:20,839 INFO  [tc.doc.io/.4] (build-134) Creating container for image: docker.io/mongo:4.4
2024-05-14 10:24:22,162 INFO  [org.tes.uti.RegistryAuthLocator] (build-134) Credential helper/store (docker-credential-desktop) does not have credentials for docker.io
2024-05-14 10:24:22,185 INFO  [tc.tes.6.0] (build-134) Creating container for image: testcontainers/ryuk:0.6.0
2024-05-14 10:24:22,322 INFO  [org.tes.uti.RegistryAuthLocator] (build-134) Credential helper/store (docker-credential-desktop) does not have credentials for https://index.docker.io/v1/
2024-05-14 10:24:23,058 INFO  [tc.tes.6.0] (build-134) Container testcontainers/ryuk:0.6.0 is starting: 81bec6605418ab03ae69baca3edc4178917f3ee0daac686ce2ae806d88832b0d
2024-05-14 10:24:24,249 INFO  [tc.tes.6.0] (build-134) Container testcontainers/ryuk:0.6.0 started in PT2.0639044S
2024-05-14 10:24:24,459 INFO  [tc.doc.io/.4] (build-134) Container docker.io/mongo:4.4 is starting: 7ceb5407ea7582d04f603b075320860004851b12076b3ad26714bfb941667d86
2024-05-14 10:24:27,085 INFO  [tc.doc.io/.4] (build-134) Container docker.io/mongo:4.4 started in PT6.2464274S
2024-05-14 10:24:31,060 INFO  [io.quarkus] (main) planningpoker 1.0.0-SNAPSHOT on JVM (powered by Quarkus 3.10.0) started in 37.400s. Listening on: http://localhost:8081
2024-05-14 10:24:31,072 INFO  [io.quarkus] (main) Profile test activated. 
2024-05-14 10:24:31,073 INFO  [io.quarkus] (main) Installed features: [cdi, mongodb-client, resteasy, resteasy-jsonb, security, smallrye-context-propagation, smallrye-jwt, smallrye-openapi, swagger-ui, vertx]
]]></system-out>
  </testcase>
</testsuite>